2025-07-26 17:10:30,770 - root - INFO - Database api_handler_resume_upload_service already exists
2025-07-26 17:10:30,960 - root - INFO - Creating database tables...
2025-07-26 17:10:30,970 - root - INFO - Database tables created successfully
2025-07-26 17:10:33,786 - srt.config - INFO - Пользователь с id = 1 не будет добавлен, т.к. уже имеется
2025-07-26 17:10:33,870 - srt.config - INFO - Пользователь с id = 2 не будет добавлен, т.к. уже имеется
2025-07-26 17:20:18,389 - root - INFO - Database api_handler_resume_upload_service already exists
2025-07-26 17:20:18,469 - root - INFO - Creating database tables...
2025-07-26 17:20:18,478 - root - INFO - Database tables created successfully
2025-07-26 17:20:21,294 - srt.config - INFO - Пользователь с id = 1 не будет добавлен, т.к. уже имеется
2025-07-26 17:20:21,378 - srt.config - INFO - Пользователь с id = 2 не будет добавлен, т.к. уже имеется
2025-07-26 17:20:54,153 - root - INFO - Database api_handler_resume_upload_service already exists
2025-07-26 17:20:54,240 - root - INFO - Creating database tables...
2025-07-26 17:20:54,249 - root - INFO - Database tables created successfully
2025-07-26 17:21:16,948 - root - INFO - Database api_handler_resume_upload_service already exists
2025-07-26 17:21:17,095 - root - INFO - Creating database tables...
2025-07-26 17:21:17,107 - root - INFO - Database tables created successfully
2025-07-26 17:22:22,035 - srt.config - INFO - Пользователь с id = 1 не будет добавлен, т.к. уже имеется
2025-07-26 17:22:22,118 - srt.config - INFO - Пользователь с id = 2 не будет добавлен, т.к. уже имеется
2025-07-26 19:04:23,295 - root - INFO - Database api_handler_resume_upload_service already exists
2025-07-26 19:04:23,376 - root - INFO - Creating database tables...
2025-07-26 19:04:23,386 - root - INFO - Database tables created successfully
2025-07-26 19:04:28,416 - srt.config - INFO - Пользователь с id = 1 не будет добавлен, т.к. уже имеется
2025-07-26 19:04:28,497 - srt.config - INFO - Пользователь с id = 2 не будет добавлен, т.к. уже имеется
2025-07-26 19:04:34,563 - srt.config - INFO - Kafka new message: err: None
msg: {"requirements_id": 3, "user_id": 1, "requirements": "\u0440\u0430\u043f\u044b\u0440\u0430\u043f"}
2025-07-26 19:11:54,791 - root - INFO - Creating database api_handler_resume_upload_service...
2025-07-26 19:11:55,177 - root - INFO - Database api_handler_resume_upload_service created successfully
2025-07-26 19:11:55,261 - root - INFO - Creating database tables...
2025-07-26 19:11:55,289 - root - INFO - Database tables created successfully
2025-07-26 19:12:14,101 - root - INFO - Database api_handler_resume_upload_service already exists
2025-07-26 19:12:14,179 - root - INFO - Creating database tables...
2025-07-26 19:12:14,188 - root - INFO - Database tables created successfully
2025-07-26 19:12:17,154 - srt.config - INFO - Добавлен в БД пользователь с id = 1
2025-07-26 19:12:17,346 - srt.config - INFO - Добавлен в БД пользователь с id = 2
2025-07-26 19:12:54,763 - root - INFO - Database api_handler_resume_upload_service already exists
2025-07-26 19:12:54,843 - root - INFO - Creating database tables...
2025-07-26 19:12:54,852 - root - INFO - Database tables created successfully
2025-07-26 19:13:17,786 - srt.config - INFO - Kafka new message: err: None
msg: {"resume_id": 1, "user_id": 1, "resume": "string"}
2025-07-26 19:13:35,906 - srt.config - INFO - Пользователь с id = 1 не будет добавлен, т.к. уже имеется
2025-07-26 19:13:36,095 - srt.config - INFO - Пользователь с id = 2 не будет добавлен, т.к. уже имеется
2025-07-26 19:13:41,786 - srt.config - INFO - Kafka new message: err: None
msg: {"requirements_id": 1, "user_id": 1, "requirements": "string"}
2025-07-26 19:14:17,575 - srt.config - INFO - Kafka new message: err: None
msg: {"requirements_id": 2, "user_id": 1, "requirements": "\u0440\u0430\u043f\u044b\u0440\u0430\u043f"}
2025-07-26 19:15:07,709 - root - INFO - Database api_handler_resume_upload_service already exists
2025-07-26 19:15:07,799 - root - INFO - Creating database tables...
2025-07-26 19:15:07,809 - root - INFO - Database tables created successfully
2025-07-26 19:15:17,293 - srt.config - INFO - Kafka new message: err: None
msg: {"resume_id": 2, "user_id": 1, "resume": "\u0440\u0430\u043f\u044b\u0440\u0430\u043f"}
2025-07-26 19:15:41,262 - root - INFO - Database api_handler_resume_upload_service already exists
2025-07-26 19:15:41,339 - root - INFO - Creating database tables...
2025-07-26 19:15:41,348 - root - INFO - Database tables created successfully
2025-07-26 19:15:47,070 - srt.config - INFO - Kafka new message: err: None
msg: {"resume_id": 3, "user_id": 1, "resume": "users\r\nPK user_id\r\nlogin\r\npassword\r\nemail\r\ncreated_date\r\nlast_login\r\ntasks\r\nPK task_id\r\nuser_id\r\nstatus_id\r\nproject_id\r\nposition_index\r\npriority\r\ntitle\r\ndescription\r\ncreated_date\r\ndesired_completion_date\r\nactual_completion_date\r\nupdated_date\r\nstatuses\r\nPK status_id\r\nname\r\nprojects\r\nPK project_id\r\nuser_id\r\nposition_index\r\ntitle\r\ndescription\r\nis_deleted\r\ncreated_date\r\nupdated_date"}
2025-07-26 19:16:11,838 - srt.config - INFO - Kafka new message: err: None
msg: {"resume_id": 4, "user_id": 1, "resume": "\u0440\u0430\u043f\u044b\u0440\u0430\u043f"}
2025-07-26 19:16:31,512 - srt.config - INFO - Пользователь с id = 1 не будет добавлен, т.к. уже имеется
2025-07-26 19:16:31,591 - srt.config - INFO - Пользователь с id = 2 не будет добавлен, т.к. уже имеется
2025-07-26 19:16:37,102 - srt.config - INFO - Kafka new message: err: None
msg: {"resume_id": 5, "user_id": 1, "resume": "\u0432 \u0430\u0432\u0442\u043e\u0440\u0438\u0437\u0430\u0446\u0438\u0438 \u0431\u0443\u0434\u0443\u0442 \u0445\u0440\u0430\u043d\u0438\u0442\u0441\u044f \u0434\u0430\u043d\u043d\u044b\u0435 \u0434\u043b\u044f refresh \u0442\u043e\u043a\u0435\u043d\u0430, \u043d\u043e \u0434\u0430\u043d\u043d\u044b\u0435 \u0434\u043b\u044f \u043f\u043e\u043b\u044c\u0437\u043e\u0432\u0430\u0442\u0435\u043b\u044f \u0431\u0443\u0434\u0443\u0442 \u0445\u0440\u0430\u043d\u0438\u0442\u044c\u0441\u044f \u0432 \u0434\u0440\u0443\u0433\u043e\u043c \u0441\u0435\u0440\u0432\u0438\u0441\u0435,\r\n\u0432 \u0430\u0432\u0442\u043e\u0440\u0438\u0437\u0430\u0446\u0438\u0438 \u0436\u0435 \u0442\u043e\u043b\u044c\u043a\u043e id, username, hash_password \u043f\u043e\u043b\u044c\u0437\u043e\u0432\u0430\u0442\u0435\u043b\u044f \u0445\u0440\u0430\u043d\u0438\u0442\u0441\u044f, \u043e\u0441\u0442\u0430\u043b\u044c\u043d\u043e\u0435 \u043f\u0435\u0440\u0435\u0434\u0430\u0451\u043c \u0447\u0435\u0440\u0435\u0437 kafka.\r\n\r\n\u043d\u0435\u043e\u0431\u0445\u043e\u0434\u0438\u043c\u043e \u0441\u043e\u0437\u0434\u0430\u0442\u044c \u0435\u0449\u0451 \u043e\u0434\u043d\u043e\u0433\u043e producer \u0434\u043b\u044f \u043f\u0435\u0440\u0435\u0434\u0430\u0447\u0438 \u0434\u0430\u043d\u043d\u044b\u0445 \u0432 \u0445\u0440\u0430\u043d\u0438\u043b\u0438\u0449\u0435\r\n\r\n\r\n\r\n\u0441\u0435\u0440\u0432\u0438\u0441 \u0437\u0430\u0437\u0440\u0443\u0437\u043a\u0438 \u0434\u0430\u043d\u043d\u044b\u0445:\r\n\u0445\u0440\u0430\u043d\u0438\u043c \u0442\u043e\u043b\u044c\u043a\u043e id \u043f\u043e\u043b\u044c\u0437\u043e\u0432\u0430\u0442\u0435\u043b\u044f.\r\n\u0434\u0430\u043d\u043d\u044b\u0435 \u043f\u0440\u0438\u043d\u0438\u043c\u0430\u044e\u0442\u0441\u044f \u0447\u0435\u0440\u0435\u0437 \u043f\u0440\u043e\u0432\u0435\u0440\u043a\u0443 \u043f\u043e\u043b\u044c\u0437\u043e\u0432\u0430\u0442\u0435\u043b\u044f.\r\n\u043f\u0440\u0438\u043d\u0438\u043c\u0430\u0435\u043c \u0447\u0435\u0440\u0435\u0437 consumer \u0434\u0430\u043d\u043d\u044b\u0439 \u043e \u0440\u0435\u0433\u0438\u0441\u0442\u0440\u0430\u0446\u0438\u0438 \u043d\u043e\u0432\u043e\u0433\u043e \u043f\u043e\u043b\u044c\u0437\u043e\u0432\u0430\u0442\u0435\u043b\u044f \u0438 \u0441\u043e\u0445\u0440\u0430\u043d\u044f\u0435\u043c \u0442\u043e\u043b\u044c\u043a\u043e \u0435\u0433\u043e id \r\n\u043f\u0440\u0438\u043d\u0438\u043c\u0430\u0435\u043c \u0434\u0430\u043d\u043d\u044b\u0435 \u0432 \u044d\u043d\u0434\u043f\u043e\u0438\u043d\u0442 \u0438 \u043f\u0430\u0440\u0441\u0438\u043c \u0438\u0445 -> \u043e\u0442\u0441\u044b\u043b\u0430\u0435\u043c \u0447\u0435\u0440\u0435\u0437 kafka(\u0441 \u0443\u043a\u0430\u0437\u0430\u043d\u0438\u0435\u043c id \u043f\u043e\u043b\u044c\u0437\u043e\u0432\u0430\u0442\u0435\u043b\u044f) \u0432 \u0441\u0435\u0440\u0432\u0438\u0441 \u043e\u0431\u0440\u0430\u0431\u043e\u0442\u043a\u0438 \u0440\u0435\u0437\u044e\u043c\u0435\r\n\r\n\r\n\r\n\u043c\u0438\u043a\u0440\u043e\u0441\u0435\u0440\u0432\u0438\u0441 \u043e\u0431\u0440\u0430\u0431\u043e\u0442\u043a\u0438:\r\n\u043f\u0440\u0438\u043d\u0438\u043c\u0430\u0435\u0442 \u0434\u0430\u043d\u043d\u044b\u0435 \u043e \u0442\u0440\u0435\u0431\u043e\u0432\u0430\u043d\u0438\u044f\u0445, \u0441\u043e\u0437\u0434\u0430\u0451\u043c \u043d\u043e\u0432\u0443\u044e \u0437\u0430\u043f\u0438\u0441\u044c \u0432 \u0411\u0414 \u0438 \u0432\u043e\u0437\u0432\u0440\u0430\u0449\u0430\u0435\u043c ID \u044d\u0442\u043e\u0433\u043e \u0442\u0440\u0435\u0431\u043e\u0432\u0430\u043d\u0438\u044f \r\n\u043f\u0440\u0438\u043d\u0438\u043c\u0430\u0435\u043c \u0434\u0430\u043d\u043d\u044b\u0435 \u043e \u0440\u0435\u0437\u044e\u043c\u0435 (\u0440\u0435\u0437\u044e\u043c\u0435 + id \u0442\u0440\u0435\u0431\u043e\u0432\u0430\u043d\u0438\u044f), \r\n\r\n\r\n\r\n\r\n\u0432 \u0431\u0434 \u0445\u0440\u0430\u043d\u0438\u043c:\r\n\u0442\u0440\u0435\u0431\u043e\u0432\u0430\u043d\u0438\u044f \u043a \u0432\u0430\u043a\u0430\u043d\u0441\u0438\u0438:\r\nid \u0442\u0440\u0435\u0431\u043e\u0432\u0430\u043d\u0438\u044f\r\nid \u043f\u043e\u043b\u044c\u0437\u043e\u0432\u0430\u0442\u0435\u043b\u044f \u043a\u043e\u0442\u043e\u0440\u044b\u0439 \u0435\u0433\u043e \u0443\u0441\u0442\u0430\u043d\u043e\u0432\u0438\u043b\r\n\u0442\u0440\u0435\u0431\u043e\u0432\u0430\u043d\u0438\u0435\r\n\r\n\u0440\u0435\u0437\u044e\u043c\u0435:\r\nid\r\nid \u0442\u0440\u0435\u0431\u043e\u0432\u0430\u043d\u0438\u044f\r\n\u0440\u0435\u0437\u044e\u043c\u0435\r\n\r\n\u0432 redis \u0442\u043e\u0436\u0435 \u0441\u0430\u043c\u043e\u0435\r\n\r\n\u043f\u0440\u0438\u043d\u0438\u043c\u0430\u0435\u043c \u0442\u0440\u0435\u0431\u043e\u0432\u0430\u043d\u0438\u044f:\r\n2 \u044d\u043d\u0434\u043f\u043e\u0438\u043d\u0442\u0430 (\u0434\u043b\u044f \u0434\u043e\u043a\u0443\u043c\u0435\u043d\u0442\u0430 \u0438 \u043f\u0440\u043e\u0441\u0442\u043e \u0442\u0435\u043a\u0441\u0442\u0430), \u043f\u0440\u043e\u0432\u0435\u0440\u044f\u0435\u043c \u043d\u0430 \u0442\u043e \u0447\u0442\u043e \u043e\u043d\u0438 \u0438\u043c\u0435\u044e\u0442 \u0445\u043e\u0442\u044c \u043a\u0430\u043a\u0443\u044e-\u0442\u043e \u0438\u043d\u0444\u043e\u0440\u043c\u0430\u0446\u0438\u044e,\r\n\u0435\u0441\u043b\u0438 \u043d\u0435\u0442 \u0442\u043e \u0432\u043e\u0437\u0432\u0440\u0430\u0449\u0430\u0435\u043c \u043e\u0448\u0438\u0431\u043a\u0443. \u0435\u0441\u043b\u0438 \u0432\u0441\u0451 \u0445\u043e\u0440\u043e\u0448\u043e, \u0442\u043e \u0434\u043e\u0431\u0430\u0432\u043b\u044f\u0435\u043c \u0438\u0445 \u0432 \u0431\u0434 \u0438 \u0441\u043e\u0445\u0440\u0430\u043d\u044f\u0435\u043c \u043d\u0430 3 \u0434\u043d\u044f \u0432 redis. \u0432\u043e\u0437\u0432\u0440\u0430\u0449\u0430\u0435\u043c \u043f\u0440\u0438\u0441\u0432\u043e\u0435\u043d\u043d\u044b\u0439 ID \r\n\r\n\u043f\u0440\u0438\u043d\u0438\u043c\u0430\u0435\u043c \u0440\u0435\u0437\u044e\u043c\u0435:\r\n2 \u044d\u043d\u0434\u043f\u043e\u0438\u043d\u0442\u0430 (\u0434\u043b\u044f \u0434\u043e\u043a\u0443\u043c\u0435\u043d\u0442\u0430 \u0438 \u043f\u0440\u043e\u0441\u0442\u043e\u0433\u043e \u0442\u0435\u043a\u0441\u0442\u0430) + \u043f\u0440\u0438\u043d\u0438\u043c\u0430\u0435\u043c id \u0442\u0440\u0435\u0431\u043e\u0432\u0430\u043d\u0438\u044f. \r\n\u0435\u0441\u043b\u0438 \u043d\u0438\u0447\u0435\u0433\u043e \u043d\u0435\u0442, \u0442\u043e \u0432\u0435\u0440\u043d\u0451\u043c \u043e\u0448\u0438\u0431\u043a\u0443. \r\n\u0421\u0440\u0430\u0432\u043d\u0438\u0432\u0430\u0435\u043c id \u0442\u0440\u0435\u0431\u043e\u0432\u0430\u043d\u0438\u044f \u043a\u043e\u0442\u043e\u0440\u043e\u0435 \u0443\u043a\u0430\u0437\u0430\u043b \u043f\u043e\u043b\u044c\u0437\u043e\u0432\u0430\u0442\u0435\u043b\u044c \u0441\u043f\u0435\u0440\u0432\u0430 \u0432 redis \u0438 \u0435\u0441\u043b\u0438\u043d\u0435\u0442, \u0442\u043e \u0432 \u0411\u0414, \u0435\u0441\u043b\u0438 \u0442\u0430\u043a\u043e\u0433\u043e \u0442\u0440\u0435\u0431\u043e\u0432\u0430\u043d\u0438\u044f \u043d\u0435\u0442, \u0442\u043e \u0432\u0435\u0440\u043d\u0451\u043c \u043e\u0448\u0438\u0431\u043a\u0443,  \r\n\u0435\u0441\u043b\u0438 \u043f\u043e\u043b\u044c\u0437\u043e\u0432\u0430\u0442\u0435\u043b\u044c \u043e\u0431\u0440\u0430\u0449\u0430\u0435\u0442\u0441\u044f \u043a \u0442\u0440\u0435\u0431\u043e\u0432\u0430\u043d\u0438\u044e \u043a\u043e\u0442\u043e\u0440\u043e\u0435 \u0435\u043c\u0443 \u043d\u0435 \u043f\u0440\u0438\u043d\u0430\u0434\u043b\u0435\u0436\u0438\u0442 (\u0441\u0440\u0430\u0432\u043d\u0438\u0432\u0430\u0435\u043c \u043f\u043e id \u043f\u043e\u043b\u044c\u0437\u043e\u0432\u0430\u0442\u0435\u043b\u044f \u0443 \u0442\u0440\u0435\u0431\u043e\u0432\u0430\u043d\u0438\u044f \u043a\u043e\u0442\u043e\u0440\u043e\u0435 \u0438\u0437\u044a\u044f\u043b\u0438, \u0441 id \u043f\u043e\u043b\u044c\u0437\u043e\u0432\u0430\u0442\u0435\u043b\u044f), \u0442\u043e \u0432\u0435\u0440\u043d\u0451\u043c \u043e\u0448\u0438\u0431\u043a\u0443. \r\n\u0435\u0441\u043b\u0438 \u0432\u0441\u0451 \u0445\u043e\u0440\u043e\u0448\u043e \u0442\u043e \u043e\u0442\u043f\u0440\u0430\u0432\u043b\u044f\u0435\u043c \u0434\u0430\u043d\u043d\u044b\u0435 \u0432 kafka \u043f\u043e \u0448\u0430\u0431\u043b\u043e\u043d\u0443:\r\n{\r\n\r\n}\r\n\u0432\u043e\u0437\u0432\u0440\u0430\u0449\u0430\u0435\u043c \u0441\u043b\u043e\u0432\u0430\u0440\u044c \u0441 \u043e\u0442\u043c\u0435\u0442\u043a\u043e\u0439 \u0443\u0441\u043f\u0435\u0448\u043d\u043e."}
2025-07-26 21:09:01,791 - root - INFO - Database api_handler_resume_upload_service already exists
2025-07-26 21:09:01,880 - root - INFO - Creating database tables...
2025-07-26 21:09:01,890 - root - INFO - Database tables created successfully
2025-07-26 21:09:04,903 - srt.config - INFO - Пользователь с id = 1 не будет добавлен, т.к. уже имеется
2025-07-26 21:09:04,986 - srt.config - INFO - Пользователь с id = 2 не будет добавлен, т.к. уже имеется
2025-07-26 21:10:17,162 - root - INFO - Database api_handler_resume_upload_service already exists
2025-07-26 21:10:17,240 - root - INFO - Creating database tables...
2025-07-26 21:10:17,250 - root - INFO - Database tables created successfully
2025-07-26 21:10:21,702 - srt.config - INFO - Kafka new message: err: None
msg: {"user_id": 1, "requirements": "string", "resume": "string"}
2025-07-26 21:10:41,201 - root - INFO - Database api_handler_resume_upload_service already exists
2025-07-26 21:10:41,281 - root - INFO - Creating database tables...
2025-07-26 21:10:41,291 - root - INFO - Database tables created successfully
2025-07-26 21:10:43,962 - srt.config - INFO - Kafka new message: err: None
msg: "fdsvcx"
2025-07-26 21:11:35,811 - root - INFO - Database api_handler_resume_upload_service already exists
2025-07-26 21:11:35,898 - root - INFO - Creating database tables...
2025-07-26 21:11:35,908 - root - INFO - Database tables created successfully
2025-07-26 21:11:38,520 - srt.config - INFO - Kafka new message: err: None
msg: {"user_id": 1, "requirements": "string", "resume": "string"}
